1693838529.778006 client started (1040): version 3.2a, socket /tmp/tmux-1000/default, protocol 8
1693838529.778016 on Linux 4.19.128-microsoft-standard #1 SMP Tue Jun 23 12:58:10 UTC 2020
1693838529.778019 using libevent 2.1.12-stable (poll); ncurses 6.3
1693838529.778025 flags are 0x18010000
1693838529.778027 socket is /tmp/tmux-1000/default
1693838529.778031 trying connect
1693838529.778296 connect failed: Connection refused
1693838529.778303 lock file is /tmp/tmux-1000/default.lock
1693838529.778317 flock succeeded
1693838529.778319 got lock (6)
1693838529.778321 trying connect
1693838529.778324 connect failed: Connection refused
1693838529.778415 add peer 0x55f213136d80: 7 ((nil))
1693838529.778580 sending message 100 to peer 0x55f213136d80 (4 bytes)
1693838529.778584 sending message 111 to peer 0x55f213136d80 (8 bytes)
1693838529.778586 sending message 101 to peer 0x55f213136d80 (15 bytes)
1693838529.778588 sending message 109 to peer 0x55f213136d80 (4 bytes)
1693838529.778590 sending message 102 to peer 0x55f213136d80 (11 bytes)
1693838529.778591 sending message 108 to peer 0x55f213136d80 (23 bytes)
1693838529.778593 sending message 112 to peer 0x55f213136d80 (58 bytes)
1693838529.778595 sending message 112 to peer 0x55f213136d80 (5 bytes)
1693838529.778596 sending message 112 to peer 0x55f213136d80 (5 bytes)
1693838529.778598 sending message 112 to peer 0x55f213136d80 (6 bytes)
1693838529.778599 sending message 112 to peer 0x55f213136d80 (6 bytes)
1693838529.778601 sending message 112 to peer 0x55f213136d80 (11 bytes)
1693838529.778602 sending message 112 to peer 0x55f213136d80 (10 bytes)
1693838529.778604 sending message 112 to peer 0x55f213136d80 (13 bytes)
1693838529.778606 sending message 112 to peer 0x55f213136d80 (14 bytes)
1693838529.778607 sending message 112 to peer 0x55f213136d80 (19 bytes)
1693838529.778609 sending message 112 to peer 0x55f213136d80 (11 bytes)
1693838529.778610 sending message 112 to peer 0x55f213136d80 (10 bytes)
1693838529.778612 sending message 112 to peer 0x55f213136d80 (15 bytes)
1693838529.778613 sending message 112 to peer 0x55f213136d80 (21 bytes)
1693838529.778615 sending message 112 to peer 0x55f213136d80 (13 bytes)
1693838529.778617 sending message 112 to peer 0x55f213136d80 (7 bytes)
1693838529.778619 sending message 112 to peer 0x55f213136d80 (13 bytes)
1693838529.778620 sending message 112 to peer 0x55f213136d80 (7 bytes)
1693838529.778622 sending message 112 to peer 0x55f213136d80 (13 bytes)
1693838529.778623 sending message 112 to peer 0x55f213136d80 (9 bytes)
1693838529.778625 sending message 112 to peer 0x55f213136d80 (21 bytes)
1693838529.778626 sending message 112 to peer 0x55f213136d80 (13 bytes)
1693838529.778628 sending message 112 to peer 0x55f213136d80 (9 bytes)
1693838529.778629 sending message 112 to peer 0x55f213136d80 (16 bytes)
1693838529.778631 sending message 112 to peer 0x55f213136d80 (13 bytes)
1693838529.778633 sending message 112 to peer 0x55f213136d80 (9 bytes)
1693838529.778634 sending message 112 to peer 0x55f213136d80 (9 bytes)
1693838529.778636 sending message 112 to peer 0x55f213136d80 (12 bytes)
1693838529.778637 sending message 112 to peer 0x55f213136d80 (8 bytes)
1693838529.778639 sending message 112 to peer 0x55f213136d80 (8 bytes)
1693838529.778640 sending message 112 to peer 0x55f213136d80 (13 bytes)
1693838529.778642 sending message 112 to peer 0x55f213136d80 (7 bytes)
1693838529.778643 sending message 112 to peer 0x55f213136d80 (7 bytes)
1693838529.778645 sending message 112 to peer 0x55f213136d80 (9 bytes)
1693838529.778646 sending message 112 to peer 0x55f213136d80 (9 bytes)
1693838529.778648 sending message 112 to peer 0x55f213136d80 (15 bytes)
1693838529.778650 sending message 112 to peer 0x55f213136d80 (13 bytes)
1693838529.778651 sending message 112 to peer 0x55f213136d80 (12 bytes)
1693838529.778653 sending message 112 to peer 0x55f213136d80 (8 bytes)
1693838529.778655 sending message 112 to peer 0x55f213136d80 (14 bytes)
1693838529.778657 sending message 112 to peer 0x55f213136d80 (11 bytes)
1693838529.778658 sending message 112 to peer 0x55f213136d80 (9 bytes)
1693838529.778663 sending message 112 to peer 0x55f213136d80 (10 bytes)
1693838529.778664 sending message 112 to peer 0x55f213136d80 (10 bytes)
1693838529.778666 sending message 112 to peer 0x55f213136d80 (10 bytes)
1693838529.778667 sending message 112 to peer 0x55f213136d80 (10 bytes)
1693838529.778669 sending message 112 to peer 0x55f213136d80 (11 bytes)
1693838529.778671 sending message 112 to peer 0x55f213136d80 (12 bytes)
1693838529.778672 sending message 112 to peer 0x55f213136d80 (12 bytes)
1693838529.778674 sending message 112 to peer 0x55f213136d80 (12 bytes)
1693838529.778675 sending message 112 to peer 0x55f213136d80 (12 bytes)
1693838529.778677 sending message 112 to peer 0x55f213136d80 (12 bytes)
1693838529.778678 sending message 112 to peer 0x55f213136d80 (11 bytes)
1693838529.778680 sending message 112 to peer 0x55f213136d80 (11 bytes)
1693838529.778682 sending message 112 to peer 0x55f213136d80 (12 bytes)
1693838529.778683 sending message 112 to peer 0x55f213136d80 (12 bytes)
1693838529.778685 sending message 112 to peer 0x55f213136d80 (12 bytes)
1693838529.778687 sending message 112 to peer 0x55f213136d80 (12 bytes)
1693838529.778688 sending message 112 to peer 0x55f213136d80 (12 bytes)
1693838529.778690 sending message 112 to peer 0x55f213136d80 (9 bytes)
1693838529.778691 sending message 112 to peer 0x55f213136d80 (12 bytes)
1693838529.778693 sending message 112 to peer 0x55f213136d80 (13 bytes)
1693838529.778695 sending message 112 to peer 0x55f213136d80 (13 bytes)
1693838529.778696 sending message 112 to peer 0x55f213136d80 (13 bytes)
1693838529.778698 sending message 112 to peer 0x55f213136d80 (13 bytes)
1693838529.778699 sending message 112 to peer 0x55f213136d80 (13 bytes)
1693838529.778701 sending message 112 to peer 0x55f213136d80 (8 bytes)
1693838529.778703 sending message 112 to peer 0x55f213136d80 (11 bytes)
1693838529.778704 sending message 112 to peer 0x55f213136d80 (11 bytes)
1693838529.778706 sending message 112 to peer 0x55f213136d80 (11 bytes)
1693838529.778707 sending message 112 to peer 0x55f213136d80 (12 bytes)
1693838529.778709 sending message 112 to peer 0x55f213136d80 (12 bytes)
1693838529.778711 sending message 112 to peer 0x55f213136d80 (12 bytes)
1693838529.778713 sending message 112 to peer 0x55f213136d80 (12 bytes)
1693838529.778714 sending message 112 to peer 0x55f213136d80 (13 bytes)
1693838529.778716 sending message 112 to peer 0x55f213136d80 (13 bytes)
1693838529.778717 sending message 112 to peer 0x55f213136d80 (13 bytes)
1693838529.778719 sending message 112 to peer 0x55f213136d80 (8 bytes)
1693838529.778721 sending message 112 to peer 0x55f213136d80 (13 bytes)
1693838529.778722 sending message 112 to peer 0x55f213136d80 (13 bytes)
1693838529.778724 sending message 112 to peer 0x55f213136d80 (13 bytes)
1693838529.778726 sending message 112 to peer 0x55f213136d80 (13 bytes)
1693838529.778727 sending message 112 to peer 0x55f213136d80 (13 bytes)
1693838529.778729 sending message 112 to peer 0x55f213136d80 (12 bytes)
1693838529.778730 sending message 112 to peer 0x55f213136d80 (12 bytes)
1693838529.778732 sending message 112 to peer 0x55f213136d80 (12 bytes)
1693838529.778734 sending message 112 to peer 0x55f213136d80 (12 bytes)
1693838529.778735 sending message 112 to peer 0x55f213136d80 (13 bytes)
1693838529.778737 sending message 112 to peer 0x55f213136d80 (8 bytes)
1693838529.778739 sending message 112 to peer 0x55f213136d80 (13 bytes)
1693838529.778740 sending message 112 to peer 0x55f213136d80 (13 bytes)
1693838529.778742 sending message 112 to peer 0x55f213136d80 (13 bytes)
1693838529.778743 sending message 112 to peer 0x55f213136d80 (13 bytes)
1693838529.778745 sending message 112 to peer 0x55f213136d80 (13 bytes)
1693838529.778747 sending message 112 to peer 0x55f213136d80 (13 bytes)
1693838529.778748 sending message 112 to peer 0x55f213136d80 (13 bytes)
1693838529.778750 sending message 112 to peer 0x55f213136d80 (12 bytes)
1693838529.778752 sending message 112 to peer 0x55f213136d80 (12 bytes)
1693838529.778753 sending message 112 to peer 0x55f213136d80 (12 bytes)
1693838529.778756 sending message 112 to peer 0x55f213136d80 (8 bytes)
1693838529.778758 sending message 112 to peer 0x55f213136d80 (12 bytes)
1693838529.778759 sending message 112 to peer 0x55f213136d80 (13 bytes)
1693838529.778761 sending message 112 to peer 0x55f213136d80 (13 bytes)
1693838529.778763 sending message 112 to peer 0x55f213136d80 (13 bytes)
1693838529.778765 sending message 112 to peer 0x55f213136d80 (13 bytes)
1693838529.778766 sending message 112 to peer 0x55f213136d80 (13 bytes)
1693838529.778768 sending message 112 to peer 0x55f213136d80 (13 bytes)
1693838529.778769 sending message 112 to peer 0x55f213136d80 (13 bytes)
1693838529.778771 sending message 112 to peer 0x55f213136d80 (13 bytes)
1693838529.778772 sending message 112 to peer 0x55f213136d80 (12 bytes)
1693838529.778774 sending message 112 to peer 0x55f213136d80 (10 bytes)
1693838529.778776 sending message 112 to peer 0x55f213136d80 (12 bytes)
1693838529.778777 sending message 112 to peer 0x55f213136d80 (12 bytes)
1693838529.778779 sending message 112 to peer 0x55f213136d80 (12 bytes)
1693838529.778781 sending message 112 to peer 0x55f213136d80 (13 bytes)
1693838529.778782 sending message 112 to peer 0x55f213136d80 (13 bytes)
1693838529.778784 sending message 112 to peer 0x55f213136d80 (13 bytes)
1693838529.778786 sending message 112 to peer 0x55f213136d80 (13 bytes)
1693838529.778787 sending message 112 to peer 0x55f213136d80 (13 bytes)
1693838529.778789 sending message 112 to peer 0x55f213136d80 (13 bytes)
1693838529.778791 sending message 112 to peer 0x55f213136d80 (13 bytes)
1693838529.778792 sending message 112 to peer 0x55f213136d80 (10 bytes)
1693838529.778794 sending message 112 to peer 0x55f213136d80 (13 bytes)
1693838529.778795 sending message 112 to peer 0x55f213136d80 (12 bytes)
1693838529.778797 sending message 112 to peer 0x55f213136d80 (12 bytes)
1693838529.778799 sending message 112 to peer 0x55f213136d80 (12 bytes)
1693838529.778800 sending message 112 to peer 0x55f213136d80 (10 bytes)
1693838529.778802 sending message 112 to peer 0x55f213136d80 (10 bytes)
1693838529.778804 sending message 112 to peer 0x55f213136d80 (10 bytes)
1693838529.778805 sending message 112 to peer 0x55f213136d80 (12 bytes)
1693838529.778807 sending message 112 to peer 0x55f213136d80 (13 bytes)
1693838529.778808 sending message 112 to peer 0x55f213136d80 (13 bytes)
1693838529.778810 sending message 112 to peer 0x55f213136d80 (13 bytes)
1693838529.778812 sending message 112 to peer 0x55f213136d80 (13 bytes)
1693838529.778813 sending message 112 to peer 0x55f213136d80 (13 bytes)
1693838529.778815 sending message 112 to peer 0x55f213136d80 (10 bytes)
1693838529.778817 sending message 112 to peer 0x55f213136d80 (11 bytes)
1693838529.778818 sending message 112 to peer 0x55f213136d80 (12 bytes)
1693838529.778820 sending message 112 to peer 0x55f213136d80 (12 bytes)
1693838529.778822 sending message 112 to peer 0x55f213136d80 (12 bytes)
1693838529.778823 sending message 112 to peer 0x55f213136d80 (12 bytes)
1693838529.778825 sending message 112 to peer 0x55f213136d80 (12 bytes)
1693838529.778826 sending message 112 to peer 0x55f213136d80 (11 bytes)
1693838529.778828 sending message 112 to peer 0x55f213136d80 (12 bytes)
1693838529.778830 sending message 112 to peer 0x55f213136d80 (12 bytes)
1693838529.778831 sending message 112 to peer 0x55f213136d80 (13 bytes)
1693838529.778833 sending message 112 to peer 0x55f213136d80 (13 bytes)
1693838529.778834 sending message 112 to peer 0x55f213136d80 (13 bytes)
1693838529.778836 sending message 112 to peer 0x55f213136d80 (13 bytes)
1693838529.778837 sending message 112 to peer 0x55f213136d80 (13 bytes)
1693838529.778839 sending message 112 to peer 0x55f213136d80 (10 bytes)
1693838529.778841 sending message 112 to peer 0x55f213136d80 (9 bytes)
1693838529.778842 sending message 112 to peer 0x55f213136d80 (12 bytes)
1693838529.778844 sending message 112 to peer 0x55f213136d80 (13 bytes)
1693838529.778846 sending message 112 to peer 0x55f213136d80 (13 bytes)
1693838529.778847 sending message 112 to peer 0x55f213136d80 (13 bytes)
1693838529.778850 sending message 112 to peer 0x55f213136d80 (13 bytes)
1693838529.778852 sending message 112 to peer 0x55f213136d80 (13 bytes)
1693838529.778854 sending message 112 to peer 0x55f213136d80 (9 bytes)
1693838529.778855 sending message 112 to peer 0x55f213136d80 (12 bytes)
1693838529.778857 sending message 112 to peer 0x55f213136d80 (13 bytes)
1693838529.778859 sending message 112 to peer 0x55f213136d80 (13 bytes)
1693838529.778860 sending message 112 to peer 0x55f213136d80 (13 bytes)
1693838529.778862 sending message 112 to peer 0x55f213136d80 (13 bytes)
1693838529.778863 sending message 112 to peer 0x55f213136d80 (13 bytes)
1693838529.778865 sending message 112 to peer 0x55f213136d80 (11 bytes)
1693838529.778866 sending message 112 to peer 0x55f213136d80 (12 bytes)
1693838529.778869 sending message 112 to peer 0x55f213136d80 (13 bytes)
1693838529.778871 sending message 112 to peer 0x55f213136d80 (13 bytes)
1693838529.778872 sending message 112 to peer 0x55f213136d80 (13 bytes)
1693838529.778874 sending message 112 to peer 0x55f213136d80 (13 bytes)
1693838529.778875 sending message 112 to peer 0x55f213136d80 (13 bytes)
1693838529.778877 sending message 112 to peer 0x55f213136d80 (11 bytes)
1693838529.778878 sending message 112 to peer 0x55f213136d80 (12 bytes)
1693838529.778880 sending message 112 to peer 0x55f213136d80 (12 bytes)
1693838529.778881 sending message 112 to peer 0x55f213136d80 (12 bytes)
1693838529.778883 sending message 112 to peer 0x55f213136d80 (12 bytes)
1693838529.778885 sending message 112 to peer 0x55f213136d80 (12 bytes)
1693838529.778886 sending message 112 to peer 0x55f213136d80 (21 bytes)
1693838529.778888 sending message 112 to peer 0x55f213136d80 (12 bytes)
1693838529.778889 sending message 112 to peer 0x55f213136d80 (9 bytes)
1693838529.778891 sending message 112 to peer 0x55f213136d80 (6 bytes)
1693838529.778892 sending message 112 to peer 0x55f213136d80 (13 bytes)
1693838529.778895 sending message 112 to peer 0x55f213136d80 (10 bytes)
1693838529.778896 sending message 112 to peer 0x55f213136d80 (24 bytes)
1693838529.778898 sending message 112 to peer 0x55f213136d80 (13 bytes)
1693838529.778899 sending message 112 to peer 0x55f213136d80 (9 bytes)
1693838529.778901 sending message 112 to peer 0x55f213136d80 (70 bytes)
1693838529.778902 sending message 112 to peer 0x55f213136d80 (69 bytes)
1693838529.778904 sending message 112 to peer 0x55f213136d80 (12 bytes)
1693838529.778906 sending message 112 to peer 0x55f213136d80 (10 bytes)
1693838529.778907 sending message 112 to peer 0x55f213136d80 (10 bytes)
1693838529.778909 sending message 112 to peer 0x55f213136d80 (24 bytes)
1693838529.778910 sending message 112 to peer 0x55f213136d80 (13 bytes)
1693838529.778912 sending message 112 to peer 0x55f213136d80 (10 bytes)
1693838529.778913 sending message 112 to peer 0x55f213136d80 (10 bytes)
1693838529.778915 sending message 112 to peer 0x55f213136d80 (10 bytes)
1693838529.778916 sending message 112 to peer 0x55f213136d80 (13 bytes)
1693838529.778918 sending message 112 to peer 0x55f213136d80 (15 bytes)
1693838529.778921 sending message 112 to peer 0x55f213136d80 (5 bytes)
1693838529.778923 sending message 104 to peer 0x55f213136d80 (0 bytes)
1693838529.778925 sending message 110 to peer 0x55f213136d80 (0 bytes)
1693838529.778927 sending message 107 to peer 0x55f213136d80 (4 bytes)
1693838529.778928 sending message 105 to peer 0x55f213136d80 (16 bytes)
1693838529.778930 sending message 105 to peer 0x55f213136d80 (13 bytes)
1693838529.778932 sending message 105 to peer 0x55f213136d80 (974 bytes)
1693838529.778933 sending message 105 to peer 0x55f213136d80 (20 bytes)
1693838529.778935 sending message 105 to peer 0x55f213136d80 (33 bytes)
1693838529.778937 sending message 105 to peer 0x55f213136d80 (48 bytes)
1693838529.778938 sending message 105 to peer 0x55f213136d80 (53 bytes)
1693838529.778940 sending message 105 to peer 0x55f213136d80 (33 bytes)
1693838529.778941 sending message 105 to peer 0x55f213136d80 (21 bytes)
1693838529.778943 sending message 105 to peer 0x55f213136d80 (21 bytes)
1693838529.778946 sending message 105 to peer 0x55f213136d80 (15 bytes)
1693838529.778948 sending message 105 to peer 0x55f213136d80 (18 bytes)
1693838529.778950 sending message 105 to peer 0x55f213136d80 (19 bytes)
1693838529.778951 sending message 105 to peer 0x55f213136d80 (29 bytes)
1693838529.778953 sending message 105 to peer 0x55f213136d80 (8 bytes)
1693838529.778955 sending message 105 to peer 0x55f213136d80 (27 bytes)
1693838529.778956 sending message 105 to peer 0x55f213136d80 (23 bytes)
1693838529.778958 sending message 105 to peer 0x55f213136d80 (31 bytes)
1693838529.778959 sending message 105 to peer 0x55f213136d80 (11 bytes)
1693838529.778961 sending message 105 to peer 0x55f213136d80 (8 bytes)
1693838529.778963 sending message 105 to peer 0x55f213136d80 (32 bytes)
1693838529.778964 sending message 105 to peer 0x55f213136d80 (1519 bytes)
1693838529.778973 sending message 105 to peer 0x55f213136d80 (49 bytes)
1693838529.778975 sending message 105 to peer 0x55f213136d80 (16 bytes)
1693838529.778976 sending message 106 to peer 0x55f213136d80 (0 bytes)
1693838529.778980 sending message 200 to peer 0x55f213136d80 (4 bytes)
1693838529.778981 client loop enter
1693838529.779001 client_signal: Child exited
1693838529.808037 peer 0x55f213136d80 message 207
1693838529.808045 sending message 208 to peer 0x55f213136d80 (0 bytes)
1693838534.448671 peer 0x55f213136d80 message 203
1693838534.448678 sending message 205 to peer 0x55f213136d80 (0 bytes)
1693838534.449008 peer 0x55f213136d80 message 204
1693838534.449013 client loop exit
